<?xml version="1.0" encoding="UTF-8"?>
<!-- Generated by org.testng.reporters.JUnitReportReporter -->
<testsuite hostname="DESKTOP-6Q58IL1" failures="0" tests="1" name="ProgressiveProjectTest.ProgressiveHomePageTest" time="88.078" errors="0" timestamp="2021-01-28T22:27:13 MST" skipped="0">
  <testcase classname="ProgressiveProjectTest.ProgressiveHomePageTest" name="AutoQuoteTest" time="88.078"/>
  <system-out/>
</testsuite> <!-- ProgressiveProjectTest.ProgressiveHomePageTest -->
